This file contains any messages produced by compilers while
running configure, to aid debugging if configure makes a mistake.

It was created by r17 configure 1.5.1, which was
generated by GNU Autoconf 2.67.  Invocation command line was

  $ ./configure 

## --------- ##
## Platform. ##
## --------- ##

hostname = note
uname -m = i686
uname -r = 2.6.32-5-686
uname -s = Linux
uname -v = #1 SMP Mon Mar 26 05:20:33 UTC 2012

/usr/bin/uname -p = unknown
/bin/uname -X     = unknown

/bin/arch              = unknown
/usr/bin/arch -k       = unknown
/usr/convex/getsysinfo = unknown
/usr/bin/hostinfo      = unknown
/bin/machine           = unknown
/usr/bin/oslevel       = unknown
/bin/universe          = unknown

PATH: /home/matthew/bin
PATH: /usr/local/bin
PATH: /usr/bin
PATH: /bin
PATH: /usr/games
PATH: /usr/local/eclipse
PATH: /usr/local/java/jdk1.6.0_19/bin
PATH: /usr/local/Adobe/Reader9/bin
PATH: /usr/local/godi/bin
PATH: /usr/local/godi/sbin
PATH: /usr/local/apache-maven-3.0.2/bin
PATH: /opt/PostgreSQL/8.4/bin
PATH: /usr/local/eclipse
PATH: /usr/local/java/jdk1.6.0_19/bin
PATH: /usr/local/Adobe/Reader9/bin
PATH: /usr/local/godi/bin
PATH: /usr/local/godi/sbin
PATH: /usr/local/apache-maven-3.0.2/bin
PATH: /opt/PostgreSQL/8.4/bin
PATH: /usr/local/eclipse
PATH: /usr/local/java/jdk1.6.0_19/bin
PATH: /usr/local/Adobe/Reader9/bin
PATH: /usr/local/godi/bin
PATH: /usr/local/godi/sbin
PATH: /usr/local/apache-maven-3.0.2/bin
PATH: /opt/PostgreSQL/8.4/bin


## ----------- ##
## Core tests. ##
## ----------- ##

configure:1771: error: cannot find install-sh, install.sh, or shtool in "." "./.." "./../.."

## ---------------- ##
## Cache variables. ##
## ---------------- ##

ac_cv_env_CCC_set=
ac_cv_env_CCC_value=
ac_cv_env_CPPFLAGS_set=
ac_cv_env_CPPFLAGS_value=
ac_cv_env_CXXFLAGS_set=
ac_cv_env_CXXFLAGS_value=
ac_cv_env_CXX_set=
ac_cv_env_CXX_value=
ac_cv_env_LDFLAGS_set=
ac_cv_env_LDFLAGS_value=
ac_cv_env_LIBS_set=
ac_cv_env_LIBS_value=
ac_cv_env_build_alias_set=
ac_cv_env_build_alias_value=
ac_cv_env_host_alias_set=
ac_cv_env_host_alias_value=
ac_cv_env_target_alias_set=
ac_cv_env_target_alias_value=

## ----------------- ##
## Output variables. ##
## ----------------- ##

ACLOCAL=''
AMDEPBACKSLASH=''
AMDEP_FALSE=''
AMDEP_TRUE=''
AMTAR=''
AUTOCONF=''
AUTOHEADER=''
AUTOMAKE=''
AWK=''
CPPFLAGS=''
CXX=''
CXXDEPMODE=''
CXXFLAGS=''
CYGPATH_W=''
DEFS=''
DEPDIR=''
ECHO_C=''
ECHO_N='-n'
ECHO_T=''
EXEEXT=''
INSTALL_DATA=''
INSTALL_PROGRAM=''
INSTALL_SCRIPT=''
INSTALL_STRIP_PROGRAM=''
LDFLAGS=''
LIBOBJS=''
LIBS=''
LTLIBOBJS=''
MAKEINFO=''
MKDIR_P=''
OBJEXT=''
PACKAGE=''
PACKAGE_BUGREPORT='bug-report@rseventeen.com'
PACKAGE_NAME='r17'
PACKAGE_STRING='r17 1.5.1'
PACKAGE_TARNAME='r17'
PACKAGE_URL='http://www.rseventeen.com/'
PACKAGE_VERSION='1.5.1'
PATH_SEPARATOR=':'
SET_MAKE=''
SHELL='/bin/sh'
STRIP=''
VERSION=''
ac_ct_CXX=''
am__EXEEXT_FALSE=''
am__EXEEXT_TRUE=''
am__fastdepCXX_FALSE=''
am__fastdepCXX_TRUE=''
am__include=''
am__isrc=''
am__leading_dot=''
am__quote=''
am__tar=''
am__untar=''
bindir='${exec_prefix}/bin'
build_alias=''
datadir='${datarootdir}'
datarootdir='${prefix}/share'
docdir='${datarootdir}/doc/${PACKAGE_TARNAME}'
dvidir='${docdir}'
exec_prefix='NONE'
host_alias=''
htmldir='${docdir}'
includedir='${prefix}/include'
infodir='${datarootdir}/info'
install_sh=''
libdir='${exec_prefix}/lib'
libexecdir='${exec_prefix}/libexec'
localedir='${datarootdir}/locale'
localstatedir='${prefix}/var'
mandir='${datarootdir}/man'
mkdir_p=''
oldincludedir='/usr/include'
pdfdir='${docdir}'
prefix='NONE'
program_transform_name='s,x,x,'
psdir='${docdir}'
sbindir='${exec_prefix}/sbin'
sharedstatedir='${prefix}/com'
sysconfdir='${prefix}/etc'
target_alias=''

## ----------- ##
## confdefs.h. ##
## ----------- ##

/* confdefs.h */
#define PACKAGE_NAME "r17"
#define PACKAGE_TARNAME "r17"
#define PACKAGE_VERSION "1.5.1"
#define PACKAGE_STRING "r17 1.5.1"
#define PACKAGE_BUGREPORT "bug-report@rseventeen.com"
#define PACKAGE_URL "http://www.rseventeen.com/"

configure: exit 1
